#
# Copyright (c) 2009 Nokia Corporation and/or its subsidiary(-ies).
# All rights reserved.
# This component and the accompanying materials are made available
# under the terms of "Eclipse Public License v1.0"
# which accompanies this distribution, and is available
# at the URL "http://www.eclipse.org/legal/epl-v10.html".
#
# Initial Contributors:
# Nokia Corporation - initial contribution.
#
# Contributors:
#
# Description: 
#

component	telephony_tools_mocksy
source		\sf\os\cellularsrv\hwpluginsimulation\mocksy\
binary		\sf\os\cellularsrv\hwpluginsimulation\mocksy\group	all
exports		\sf\os\cellularsrv\hwpluginsimulation\mocksy\group
notes_source	\component_defs\release.src

ipr T