#
# Copyright (c) 2009 Nokia Corporation and/or its subsidiary(-ies).
# All rights reserved.
# This component and the accompanying materials are made available
# under the terms of "Eclipse Public License v1.0"
# which accompanies this distribution, and is available
# at the URL "http://www.eclipse.org/legal/epl-v10.html".
#
# Initial Contributors:
# Nokia Corporation - initial contribution.
#
# Contributors:
#
# Description: 
#

component	telephony_commontsy
source		\sf\os\cellularsrv\telephonyserverplugins\common_tsy\commontsy
source		\sf\os\cellularsrv\telephonyserverplugins\common_tsy\customapi
source		\sf\os\cellularsrv\telephonyserverplugins\common_tsy\documentation
source		\sf\os\cellularsrv\telephonyserverplugins\common_tsy\featmgrstub
source		\sf\os\cellularsrv\telephonyserverplugins\common_tsy\group
source		\sf\os\cellularsrv\telephonyserverplugins\common_tsy\licenseetsy_lib
source		\sf\os\cellularsrv\telephonyserverplugins\common_tsy\phonetsy
source		\sf\os\cellularsrv\telephonyserverplugins\common_tsy\systemstateplugin
source		\sf\os\cellularsrv\telephonyserverplugins\common_tsy\test
source		\sf\os\cellularsrv\telephonyserverplugins\common_tsy\conf

binary		\sf\os\cellularsrv\telephonyserverplugins\common_tsy\group	all
exports		\sf\os\cellularsrv\telephonyserverplugins\common_tsy\group
notes_source	\component_defs\release.src

ipr E
ipr T \sf\os\cellularsrv\telephonyserverplugins\common_tsy\featmgrstub
ipr T \sf\os\cellularsrv\telephonyserverplugins\common_tsy\systemstateplugin\ssmadaptationstub
ipr T \sf\os\cellularsrv\telephonyserverplugins\common_tsy\test
