#
# Copyright (c) 2009 Nokia Corporation and/or its subsidiary(-ies).
# All rights reserved.
# This component and the accompanying materials are made available
# under the terms of "Eclipse Public License v1.0"
# which accompanies this distribution, and is available
# at the URL "http://www.eclipse.org/legal/epl-v10.html".
#
# Initial Contributors:
# Nokia Corporation - initial contribution.
#
# Contributors:
#
# Description: 
#
# telephony_etel-config
#
# Configuration files - source in is telephony_etel.
# The exports are disowned by that MRP file.
# This MRP can now take ownership over binaries and exports from etel\data.

component	telephony_etel-config

source  \sf\os\cellularsrv\telephonyserver\etelserverandcore\data 
binary	\sf\os\cellularsrv\telephonyserver\etelserverandcore\data	all
exports	\sf\os\cellularsrv\telephonyserver\etelserverandcore\data

notes_source	\component_defs\release.src


ipr D 

