#
# Copyright (c) 2009 Nokia Corporation and/or its subsidiary(-ies).
# All rights reserved.
# This component and the accompanying materials are made available
# under the terms of "Eclipse Public License v1.0"
# which accompanies this distribution, and is available
# at the URL "http://www.eclipse.org/legal/epl-v10.html".
#
# Initial Contributors:
# Nokia Corporation - initial contribution.
#
# Contributors:
#
# Description: 
#

component	nbprotocols_smsstackv2
source	\sf\os\cellularsrv\smsprotocols\smsstack
source	\sf\os\cellularsrv\smsprotocols\documentation

binary	\sf\os\cellularsrv\smsprotocols\smsstack\group	all
exports	\sf\os\cellularsrv\smsprotocols\smsstack\group
notes_source	\component_defs\release.src


# ==   comments appear after the line they describe  ==
ipr D 
ipr B \sf\os\cellularsrv\smsprotocols\smsstack\ems\src
ipr T \sf\os\cellularsrv\smsprotocols\smsstack\gsmu\test
ipr T \sf\os\cellularsrv\smsprotocols\smsstack\smsprot\Test
ipr T \sf\os\cellularsrv\smsprotocols\smsstack\test
ipr T \sf\os\cellularsrv\smsprotocols\smsstack\wapprot\test

