#
# Copyright (c) 2009 Nokia Corporation and/or its subsidiary(-ies).
# All rights reserved.
# This component and the accompanying materials are made available
# under the terms of "Eclipse Public License v1.0"
# which accompanies this distribution, and is available
# at the URL "http://www.eclipse.org/legal/epl-v10.html".
#
# Initial Contributors:
# Nokia Corporation - initial contribution.
#
# Contributors:
#
# Description: 
#

component	telephony_dispatcher
source		\sf\os\cellularsrv\telephonyserverplugins\ctsydispatchlayer
binary		\sf\os\cellularsrv\telephonyserverplugins\ctsydispatchlayer\group	all
exports		\sf\os\cellularsrv\telephonyserverplugins\ctsydispatchlayer\group
notes_source	\component_defs\release.src

ipr E
ipr T \sf\os\cellularsrv\telephonyserverplugins\ctsydispatchlayer\test\dispatchertests
ipr T \sf\os\cellularsrv\telephonyserverplugins\ctsydispatchlayer\test\mockltsy_under_ctsydispatch
ipr F \sf\os\cellularsrv\telephonyserverplugins\ctsydispatchlayer\test\ltsyskeleton_using_dispatcher
